\BOOKMARK [1][-]{section*.3}{\376\377\000B\000a\000c\000k\000g\000r\000o\000u\000n\000d\000\040\000\046\000\040\000L\000i\000t\000e\000r\000a\000t\000u\000r\000e\000\040\000R\000e\000v\000i\000e\000w}{}% 1
\BOOKMARK [2][-]{section*.4}{\376\377\000R\000e\000l\000a\000t\000i\000o\000n\000a\000l\000\040\000R\000e\000a\000s\000o\000n\000i\000n\000g}{section*.3}% 2
\BOOKMARK [2][-]{section*.5}{\376\377\000P\000e\000r\000f\000o\000r\000m\000a\000n\000c\000e\000\040\000v\000s\000.\000\040\000C\000o\000m\000p\000e\000t\000e\000n\000c\000e}{section*.3}% 3
\BOOKMARK [2][-]{section*.6}{\376\377\000I\000n\000t\000e\000r\000n\000a\000l\000\040\000R\000e\000p\000r\000e\000s\000e\000n\000t\000a\000t\000i\000o\000n\000s\000\040\000o\000f\000\040\000K\000n\000o\000w\000l\000e\000d\000g\000e\000\040\000i\000n\000\040\000L\000a\000n\000g\000u\000a\000g\000e\000\040\000M\000o\000d\000e\000l\000s}{section*.3}% 4
\BOOKMARK [2][-]{section*.7}{\376\377\000I\000n\000d\000u\000c\000i\000b\000l\000e\000\040\000v\000s\000.\000\040\000E\000m\000e\000r\000g\000e\000n\000t\000\040\000S\000t\000r\000u\000c\000t\000u\000r\000e}{section*.3}% 5
\BOOKMARK [1][-]{section*.8}{\376\377\000T\000h\000e\000o\000r\000e\000t\000i\000c\000a\000l\000\040\000F\000r\000a\000m\000e\000w\000o\000r\000k}{}% 6
\BOOKMARK [1][-]{section*.9}{\376\377\000M\000e\000t\000h\000o\000d\000o\000l\000o\000g\000y}{}% 7
\BOOKMARK [2][-]{section*.10}{\376\377\000C\000l\000a\000s\000s\000i\000f\000i\000c\000a\000t\000i\000o\000n\000\040\000T\000a\000s\000k}{section*.9}% 8
\BOOKMARK [2][-]{section*.11}{\376\377\000D\000a\000t\000a\000s\000e\000t}{section*.9}% 9
\BOOKMARK [2][-]{section*.12}{\376\377\000F\000i\000n\000e\000-\000T\000u\000n\000i\000n\000g\000\040\000P\000r\000o\000c\000e\000d\000u\000r\000e}{section*.9}% 10
\BOOKMARK [2][-]{section*.13}{\376\377\000E\000v\000a\000l\000u\000a\000t\000i\000o\000n}{section*.9}% 11
\BOOKMARK [3][-]{section*.14}{\376\377\000T\000a\000s\000k\000\040\000P\000e\000r\000f\000o\000r\000m\000a\000n\000c\000e\000\040\000M\000e\000t\000r\000i\000c\000s}{section*.13}% 12
\BOOKMARK [3][-]{section*.16}{\376\377\000R\000e\000p\000r\000e\000s\000e\000n\000t\000a\000t\000i\000o\000n\000a\000l\000\040\000S\000i\000m\000i\000l\000a\000r\000i\000t\000y\000\040\000A\000n\000a\000l\000y\000s\000i\000s}{section*.13}% 13
\BOOKMARK [3][-]{section*.17}{\376\377\000E\000m\000b\000e\000d\000d\000i\000n\000g\000\040\000S\000p\000a\000c\000e\000\040\000P\000r\000o\000j\000e\000c\000t\000i\000o\000n\000s\000\040\000a\000n\000d\000\040\000C\000l\000u\000s\000t\000e\000r\000i\000n\000g\000\040\000A\000n\000a\000l\000y\000s\000i\000s}{section*.13}% 14
\BOOKMARK [1][-]{section*.18}{\376\377\000R\000e\000s\000u\000l\000t\000s}{}% 15
\BOOKMARK [2][-]{section*.19}{\376\377\000T\000a\000s\000k\000\040\000P\000e\000r\000f\000o\000r\000m\000a\000n\000c\000e\000:\000\040\000C\000l\000a\000s\000s\000i\000f\000i\000c\000a\000t\000i\000o\000n\000\040\000A\000c\000c\000u\000r\000a\000c\000y}{section*.18}% 16
\BOOKMARK [2][-]{section*.21}{\376\377\000R\000e\000p\000r\000e\000s\000e\000n\000t\000a\000t\000i\000o\000n\000a\000l\000\040\000C\000o\000m\000p\000e\000t\000e\000n\000c\000e\000:\000\040\000R\000S\000A\000\040\000a\000n\000d\000\040\000E\000m\000b\000e\000d\000d\000i\000n\000g\000\040\000S\000t\000r\000u\000c\000t\000u\000r\000e}{section*.18}% 17
\BOOKMARK [2][-]{section*.24}{\376\377\000V\000i\000s\000u\000a\000l\000i\000z\000a\000t\000i\000o\000n\000\040\000o\000f\000\040\000E\000m\000b\000e\000d\000d\000i\000n\000g\000\040\000G\000e\000o\000m\000e\000t\000r\000y}{section*.18}% 18
\BOOKMARK [2][-]{section*.26}{\376\377\000C\000o\000n\000t\000r\000o\000l\000\040\000C\000o\000n\000d\000i\000t\000i\000o\000n}{section*.18}% 19
\BOOKMARK [1][-]{section*.28}{\376\377\000D\000i\000s\000c\000u\000s\000s\000i\000o\000n}{}% 20
\BOOKMARK [2][-]{section*.29}{\376\377\000P\000e\000r\000f\000o\000r\000m\000a\000n\000c\000e\000\040\000W\000i\000t\000h\000o\000u\000t\000\040\000C\000o\000m\000p\000e\000t\000e\000n\000c\000e}{section*.28}% 21
\BOOKMARK [2][-]{section*.30}{\376\377\000L\000i\000m\000i\000t\000s\000\040\000o\000f\000\040\000C\000o\000-\000o\000c\000c\000u\000r\000r\000e\000n\000c\000e\000-\000B\000a\000s\000e\000d\000\040\000R\000e\000a\000s\000o\000n\000i\000n\000g}{section*.28}% 22
\BOOKMARK [2][-]{section*.31}{\376\377\000L\000a\000t\000e\000n\000t\000\040\000K\000n\000o\000w\000l\000e\000d\000g\000e\000\040\000I\000s\000\040\000N\000o\000t\000\040\000S\000t\000r\000u\000c\000t\000u\000r\000e\000d\000\040\000K\000n\000o\000w\000l\000e\000d\000g\000e}{section*.28}% 23
\BOOKMARK [2][-]{section*.32}{\376\377\000I\000n\000d\000u\000c\000i\000n\000g\000\040\000C\000o\000n\000c\000e\000p\000t\000u\000a\000l\000\040\000S\000t\000r\000u\000c\000t\000u\000r\000e\000\040\000T\000h\000r\000o\000u\000g\000h\000\040\000F\000i\000n\000e\000-\000T\000u\000n\000i\000n\000g}{section*.28}% 24
\BOOKMARK [1][-]{section*.33}{\376\377\000C\000o\000n\000c\000l\000u\000s\000i\000o\000n}{}% 25
